<?xml version="1.0" encoding="UTF-8"?>
<!-- Generated by org.testng.reporters.JUnitXMLReporter -->
<testsuite ignored="0" hostname="LAPTOP-2G8PCD0I" failures="0" tests="3" name="Test-2" time="78.158" errors="0" timestamp="2026-02-16T10:41:35 IST">
  <testcase classname="com.crm.comcast.orgtest.CreateOrgTest" name="createOrg" time="25.973"/>
  <testcase classname="com.crm.comcast.orgtest.CreateOrgTest" name="create_org_Industry" time="0.0">
    <skipped/>
  </testcase> <!-- create_org_Industry -->
  <testcase classname="com.crm.comcast.orgtest.CreateOrgTest" name="create_org_withcontact" time="0.0">
    <skipped/>
  </testcase> <!-- create_org_withcontact -->
</testsuite> <!-- Test-2 -->
