<?xml version="1.0" encoding="UTF-8"?>
<!-- Generated by org.testng.reporters.JUnitXMLReporter -->
<testsuite ignored="2" hostname="LAPTOP-2G8PCD0I" failures="0" tests="6" name="TestRunner-Chrome" time="159.334" errors="0" timestamp="2026-02-16T11:28:23 IST">
  <testcase classname="com.comcast.contacttest.CreateContactTest" name="createContact" time="5.361"/>
  <testcase classname="com.comcast.contacttest.CreateContactTest" name="createContactWithsupportDate" time="0.0">
    <skipped/>
  </testcase> <!-- createContactWithsupportDate -->
  <testcase classname="com.comcast.contacttest.CreateContactTest" name="createContactwithorgTest" time="0.0">
    <skipped/>
  </testcase> <!-- createContactwithorgTest -->
  <testcase classname="com.crm.comcast.orgtest.CreateOrgTest" name="createOrg" time="73.186"/>
  <testcase classname="com.crm.comcast.orgtest.CreateOrgTest" name="create_org_Industry" time="0.0">
    <skipped/>
  </testcase> <!-- create_org_Industry -->
  <testcase classname="com.crm.comcast.orgtest.CreateOrgTest" name="create_org_withcontact" time="0.0">
    <skipped/>
  </testcase> <!-- create_org_withcontact -->
  <testcase classname="com.crm.generic.baseutility.BaseClass" name="@BeforeSuite configBS" time="0.0">
    <ignored/>
  </testcase> <!-- @BeforeSuite configBS -->
  <testcase classname="com.crm.generic.baseutility.BaseClass" name="@AfterSuite configAS" time="0.0">
    <ignored/>
  </testcase> <!-- @AfterSuite configAS -->
</testsuite> <!-- TestRunner-Chrome -->
