<?xml version="1.0" encoding="UTF-8"?>
<!-- Generated by org.testng.reporters.JUnitReportReporter -->
<testsuite hostname="LAPTOP-2G8PCD0I" failures="0" tests="3" name="practiceTest.getProductInfoTest" time="16.727" errors="0" timestamp="2026-02-13T10:40:30 IST" skipped="0">
  <testcase classname="practiceTest.getProductInfoTest" name="getProductInfoTest" time="4.878"/>
  <system-out/>
  <testcase classname="practiceTest.getProductInfoTest" name="getProductInfoTest" time="5.072"/>
  <system-out/>
  <testcase classname="practiceTest.getProductInfoTest" name="getProductInfoTest" time="6.777"/>
  <system-out/>
</testsuite> <!-- practiceTest.getProductInfoTest -->
