<?xml version="1.0" encoding="UTF-8"?>
<!-- Generated by org.testng.reporters.JUnitReportReporter -->
<testsuite hostname="LAPTOP-2G8PCD0I" failures="0" tests="1" name="com.comcast.crm.contactTest.Create_contact_org_test" time="79.331" errors="0" timestamp="2026-02-14T15:36:45 IST" skipped="0">
  <testcase classname="com.comcast.crm.contactTest.Create_contact_org_test" name="create_contact_org" time="79.331"/>
  <system-out/>
</testsuite> <!-- com.comcast.crm.contactTest.Create_contact_org_test -->
