<?xml version="1.0" encoding="UTF-8"?>
<!-- Generated by org.testng.reporters.JUnitReportReporter -->
<testsuite hostname="LAPTOP-2G8PCD0I" failures="0" tests="3" name="com.comcast.contacttest.CreateContactTest" time="238.598" errors="0" timestamp="2026-02-17T17:05:00 IST" skipped="0">
  <testcase classname="com.comcast.contacttest.CreateContactTest" name="createContactwithorgTest" time="154.136"/>
  <system-out/>
  <testcase classname="com.comcast.contacttest.CreateContactTest" name="createContactWithsupportDate" time="76.018"/>
  <system-out/>
  <testcase classname="com.comcast.contacttest.CreateContactTest" name="createContact" time="8.444"/>
  <system-out/>
</testsuite> <!-- com.comcast.contacttest.CreateContactTest -->
