<?xml version="1.0" encoding="UTF-8"?>
<!-- Generated by org.testng.reporters.JUnitXMLReporter -->
<testsuite ignored="0" hostname="LAPTOP-2G8PCD0I" failures="1" tests="1" name="Default test(failed)" time="72.262" errors="0" timestamp="2026-02-17T14:35:37 IST">
  <testcase classname="practiceTest.InvoiceTest" name="activatesim" time="66.603">
    <failure type="junit.framework.ComparisonFailure" message="expected:&amp;lt;Admin123@ Administrator1 - Home - vtiger CRM 5 - Commercial Open Source CRM&amp;gt; but was:&amp;lt;Login&amp;gt;">
      <![CDATA[junit.framework.ComparisonFailure: expected:<Admin123@ Administrator1 - Home - vtiger CRM 5 - Commercial Open Source CRM> but was:<Login>
at junit.framework.Assert.assertEquals(Assert.java:81)
at junit.framework.Assert.assertEquals(Assert.java:87)
at practiceTest.InvoiceTest.activatesim(InvoiceTest.java:19)
at java.base/java.util.ArrayList.forEach(ArrayList.java:1511)
... Removed 27 stack frames]]>
    </failure>
  </testcase> <!-- activatesim -->
</testsuite> <!-- Default test(failed) -->
