<?xml version="1.0" encoding="UTF-8"?>
<testng-results ignored="0" total="1" passed="0" failed="1" skipped="0">
  <reporter-output>
  </reporter-output>
  <suite started-at="2026-02-18T17:36:01 IST" name="Default suite" finished-at="2026-02-18T17:37:14 IST" duration-ms="73444">
    <groups>
    </groups>
    <test started-at="2026-02-18T17:36:01 IST" name="Default test" finished-at="2026-02-18T17:37:14 IST" duration-ms="73444">
      <class name="practiceTest.InvoiceTest">
        <test-method is-config="true" signature="configBS()[pri:0, instance:practiceTest.InvoiceTest@4c583ecf]" started-at="2026-02-18T17:36:01 IST" name="configBS" finished-at="2026-02-18T17:36:01 IST" duration-ms="9" status="PASS">
          <reporter-output>
          </reporter-output>
        </test-method> <!-- configBS -->
        <test-method is-config="true" signature="congifBC()[pri:0, instance:practiceTest.InvoiceTest@4c583ecf]" started-at="2026-02-18T17:36:01 IST" name="congifBC" finished-at="2026-02-18T17:36:03 IST" duration-ms="2550" status="PASS">
          <reporter-output>
          </reporter-output>
        </test-method> <!-- congifBC -->
        <test-method is-config="true" signature="configBM()[pri:0, instance:practiceTest.InvoiceTest@4c583ecf]" started-at="2026-02-18T17:36:03 IST" name="configBM" finished-at="2026-02-18T17:37:12 IST" duration-ms="68561" status="PASS">
          <reporter-output>
          </reporter-output>
        </test-method> <!-- configBM -->
        <test-method signature="activatesim()[pri:0, instance:practiceTest.InvoiceTest@4c583ecf]" started-at="2026-02-18T17:37:12 IST" name="activatesim" finished-at="2026-02-18T17:37:12 IST" duration-ms="32" status="FAIL">
          <exception class="junit.framework.ComparisonFailure">
            <message>
              <![CDATA[expected:<Admin123@ Administrator1 - Home - vtiger CRM 5 - Commercial Open Source CRM> but was:<Login>]]>
            </message>
            <full-stacktrace>
              <![CDATA[junit.framework.ComparisonFailure: expected:<Admin123@ Administrator1 - Home - vtiger CRM 5 - Commercial Open Source CRM> but was:<Login>
at junit.framework.Assert.assertEquals(Assert.java:81)
at junit.framework.Assert.assertEquals(Assert.java:87)
at practiceTest.InvoiceTest.activatesim(InvoiceTest.java:19)
at java.base/jdk.internal.reflect.NativeMethodAccessorImpl.invoke0(Native Method)
at java.base/jdk.internal.reflect.NativeMethodAccessorImpl.invoke(NativeMethodAccessorImpl.java:77)
at java.base/jdk.internal.reflect.DelegatingMethodAccessorImpl.invoke(DelegatingMethodAccessorImpl.java:43)
at java.base/java.lang.reflect.Method.invoke(Method.java:568)
at org.testng.internal.invokers.MethodInvocationHelper.invokeMethod(MethodInvocationHelper.java:139)
at org.testng.internal.invokers.TestInvoker.invokeMethod(TestInvoker.java:677)
at org.testng.internal.invokers.TestInvoker.invokeTestMethod(TestInvoker.java:221)
at org.testng.internal.invokers.MethodRunner.runInSequence(MethodRunner.java:50)
at org.testng.internal.invokers.TestInvoker$MethodInvocationAgent.invoke(TestInvoker.java:969)
at org.testng.internal.invokers.TestInvoker.invokeTestMethods(TestInvoker.java:194)
at org.testng.internal.invokers.TestMethodWorker.invokeTestMethods(TestMethodWorker.java:148)
at org.testng.internal.invokers.TestMethodWorker.run(TestMethodWorker.java:128)
at java.base/java.util.ArrayList.forEach(ArrayList.java:1511)
at org.testng.TestRunner.privateRun(TestRunner.java:829)
at org.testng.TestRunner.run(TestRunner.java:602)
at org.testng.SuiteRunner.runTest(SuiteRunner.java:437)
at org.testng.SuiteRunner.runSequentially(SuiteRunner.java:431)
at org.testng.SuiteRunner.privateRun(SuiteRunner.java:391)
at org.testng.SuiteRunner.run(SuiteRunner.java:330)
at org.testng.SuiteRunnerWorker.runSuite(SuiteRunnerWorker.java:52)
at org.testng.SuiteRunnerWorker.run(SuiteRunnerWorker.java:95)
at org.testng.TestNG.runSuitesSequentially(TestNG.java:1256)
at org.testng.TestNG.runSuitesLocally(TestNG.java:1176)
at org.testng.TestNG.runSuites(TestNG.java:1099)
at org.testng.TestNG.run(TestNG.java:1067)
at org.testng.remote.AbstractRemoteTestNG.run(AbstractRemoteTestNG.java:115)
at org.testng.remote.RemoteTestNG.initAndRun(RemoteTestNG.java:293)
at org.testng.remote.RemoteTestNG.main(RemoteTestNG.java:91)
]]>
            </full-stacktrace>
          </exception> <!-- junit.framework.ComparisonFailure -->
          <reporter-output>
          </reporter-output>
        </test-method> <!-- activatesim -->
        <test-method is-config="true" signature="configAM()[pri:0, instance:practiceTest.InvoiceTest@4c583ecf]" started-at="2026-02-18T17:37:12 IST" name="configAM" finished-at="2026-02-18T17:37:14 IST" duration-ms="2103" status="PASS">
          <reporter-output>
          </reporter-output>
        </test-method> <!-- configAM -->
        <test-method is-config="true" signature="congifAC()[pri:0, instance:practiceTest.InvoiceTest@4c583ecf]" started-at="2026-02-18T17:37:14 IST" name="congifAC" finished-at="2026-02-18T17:37:14 IST" duration-ms="1" status="PASS">
          <reporter-output>
          </reporter-output>
        </test-method> <!-- congifAC -->
        <test-method is-config="true" signature="configAS()[pri:0, instance:practiceTest.InvoiceTest@4c583ecf]" started-at="2026-02-18T17:37:14 IST" name="configAS" finished-at="2026-02-18T17:37:14 IST" duration-ms="1" status="PASS">
          <reporter-output>
          </reporter-output>
        </test-method> <!-- configAS -->
      </class> <!-- practiceTest.InvoiceTest -->
    </test> <!-- Default test -->
  </suite> <!-- Default suite -->
</testng-results>
